Using pre-set license
Built from '2020.3/release' branch; Version is '2020.3.7f1 (dd97f2c94397) revision 14522354'; Using compiler version '192528614'; Build Type 'Release'
OS: 'Windows 10 Home Single Language; OS build 19042.1052; Version 2009; 64bit' Language: 'ru' Physical Memory: 32704 MB
BatchMode: 1, IsHumanControllingUs: 0, StartBugReporterOnCrash: 0, Is64bit: 1, IsPro: 0

 COMMAND LINE ARGUMENTS:
D:\Unity\2020.3.7f1\Editor\Unity.exe
-adb2
-batchMode
-noUpm
-name
AssetImportWorker0
-projectPath
D:/Unity/2dMobileGameHW6
-logFile
Logs/AssetImportWorker0.log
-srvPort
57306
Successfully changed project path to: D:/Unity/2dMobileGameHW6
D:/Unity/2dMobileGameHW6
Using Asset Import Pipeline V2.
Refreshing native plugins compatible for Editor in 26.77 ms, found 0 plugins.
Preloading 0 native plugins for Editor in 0.00 ms.
Initialize engine version: 2020.3.7f1 (dd97f2c94397)
[Subsystems] Discovering subsystems at path D:/Unity/2020.3.7f1/Editor/Data/Resources/UnitySubsystems
[Subsystems] Discovering subsystems at path D:/Unity/2dMobileGameHW6/Assets
GfxDevice: creating device client; threaded=0
Direct3D:
    Version:  Direct3D 11.0 [level 11.1]
    Renderer: NVIDIA GeForce GTX 1080 (ID=0x1b80)
    Vendor:   
    VRAM:     8079 MB
    Driver:   27.21.14.5671
Initialize mono
Mono path[0] = 'D:/Unity/2020.3.7f1/Editor/Data/Managed'
Mono path[1] = 'D:/Unity/2020.3.7f1/Editor/Data/MonoBleedingEdge/lib/mono/unityjit'
Mono config path = 'D:/Unity/2020.3.7f1/Editor/Data/MonoBleedingEdge/etc'
Using monoOptions --debugger-agent=transport=dt_socket,embedding=1,server=y,suspend=n,address=127.0.0.1:56064
Begin MonoManager ReloadAssembly
Registering precompiled unity dll's ...
Register platform support module: D:/Unity/2020.3.7f1/Editor/Data/PlaybackEngines/WebGLSupport/UnityEditor.WebGL.Extensions.dll
Register platform support module: D:/Unity/2020.3.7f1/Editor/Data/PlaybackEngines/MacStandaloneSupport/UnityEditor.OSXStandalone.Extensions.dll
Register platform support module: D:/Unity/2020.3.7f1/Editor/Data/PlaybackEngines/WindowsStandaloneSupport/UnityEditor.WindowsStandalone.Extensions.dll
Register platform support module: D:/Unity/2020.3.7f1/Editor/Data/PlaybackEngines/LinuxStandaloneSupport/UnityEditor.LinuxStandalone.Extensions.dll
Register platform support module: D:/Unity/2020.3.7f1/Editor/Data/PlaybackEngines/LuminSupport/UnityEditor.Lumin.Extensions.dll
Registered in 0.008521 seconds.
Native extension for Lumin target not found
Native extension for LinuxStandalone target not found
Native extension for WindowsStandalone target not found
Native extension for OSXStandalone target not found
Native extension for WebGL target not found
Refreshing native plugins compatible for Editor in 25.41 ms, found 0 plugins.
Preloading 0 native plugins for Editor in 0.00 ms.
Mono: successfully reloaded assembly
- Completed reload, in  3.647 seconds
Platform modules already initialized, skipping
Registering precompiled user dll's ...
Registered in 0.001031 seconds.
Begin MonoManager ReloadAssembly
Native extension for Lumin target not found
Native extension for LinuxStandalone target not found
Native extension for WindowsStandalone target not found
Native extension for OSXStandalone target not found
Native extension for WebGL target not found
Refreshing native plugins compatible for Editor in 0.26 ms, found 0 plugins.
Preloading 0 native plugins for Editor in 0.00 ms.
Mono: successfully reloaded assembly
- Completed reload, in  1.019 seconds
Platform modules already initialized, skipping
========================================================================
Worker process is ready to serve import requests
Launched and connected shader compiler UnityShaderCompiler.exe after 0.05 seconds
Refreshing native plugins compatible for Editor in 0.25 ms, found 0 plugins.
Preloading 0 native plugins for Editor in 0.00 ms.
Unloading 1115 Unused Serialized files (Serialized files now loaded: 0)
System memory in use before: 57.2 MB.
System memory in use after: 57.2 MB.

Unloading 10 unused Assets to reduce memory usage. Loaded Objects now: 1558.
Total: 1.960300 ms (FindLiveObjects: 0.175700 ms CreateObjectMapping: 0.030200 ms MarkObjects: 1.668000 ms  DeleteObjects: 0.085100 ms)

========================================================================
Received Import Request.
  path: Assets/Sprites/Background.jpg
  artifactKey: Guid(2fc4d356654441246b8944c948327f5a) Importer(815301076,1909f56bfc062723c751e8b465ee728b)
Start importing Assets/Sprites/Background.jpg using Guid(2fc4d356654441246b8944c948327f5a) Importer(815301076,1909f56bfc062723c751e8b465ee728b)  -> (artifact id: 'b275334143d942b6e5801690239c57c1') in 0.077702 seconds
  Import took 0.084249 seconds .

========================================================================
Received Import Request.
  Time since last request: 7.198006 seconds.
  path: Assets/Sprites/Background.jpg
  artifactKey: Guid(2fc4d356654441246b8944c948327f5a) Importer(815301076,1909f56bfc062723c751e8b465ee728b)
Start importing Assets/Sprites/Background.jpg using Guid(2fc4d356654441246b8944c948327f5a) Importer(815301076,1909f56bfc062723c751e8b465ee728b)  -> (artifact id: '1e0c98127569b9c9d1000284a6f71b80') in 0.068223 seconds
  Import took 0.073710 seconds .

========================================================================
Received Prepare
Registering precompiled user dll's ...
Registered in 0.001003 seconds.
Begin MonoManager ReloadAssembly
Native extension for Lumin target not found
Native extension for LinuxStandalone target not found
Native extension for WindowsStandalone target not found
Native extension for OSXStandalone target not found
Native extension for WebGL target not found
Refreshing native plugins compatible for Editor in 0.27 ms, found 0 plugins.
Preloading 0 native plugins for Editor in 0.00 ms.
Mono: successfully reloaded assembly
- Completed reload, in  0.965 seconds
Platform modules already initialized, skipping
Refreshing native plugins compatible for Editor in 0.25 ms, found 0 plugins.
Preloading 0 native plugins for Editor in 0.00 ms.
Unloading 1110 Unused Serialized files (Serialized files now loaded: 0)
System memory in use before: 60.2 MB.
System memory in use after: 60.2 MB.

Unloading 5 unused Assets to reduce memory usage. Loaded Objects now: 1568.
Total: 1.855900 ms (FindLiveObjects: 0.175400 ms CreateObjectMapping: 0.030800 ms MarkObjects: 1.588300 ms  DeleteObjects: 0.059900 ms)

========================================================================
Received Import Request.
  Time since last request: 100.623751 seconds.
  path: Assets
  artifactKey: Guid(00000000000000001000000000000000) Importer(815301076,1909f56bfc062723c751e8b465ee728b)
Start importing Assets using Guid(00000000000000001000000000000000) Importer(815301076,1909f56bfc062723c751e8b465ee728b)  -> (artifact id: '5f6a1853b736837ecfb0820a881449cb') in 0.006922 seconds
  Import took 0.012538 seconds .

========================================================================
Received Import Request.
  Time since last request: 15.790286 seconds.
  path: Assets/Prefabs
  artifactKey: Guid(2991e083c55e1c945afb1c81bc6bad5e) Importer(815301076,1909f56bfc062723c751e8b465ee728b)
Start importing Assets/Prefabs using Guid(2991e083c55e1c945afb1c81bc6bad5e) Importer(815301076,1909f56bfc062723c751e8b465ee728b)  -> (artifact id: '779b68e78fe6726fe634f26bbaa97297') in 0.004157 seconds
  Import took 0.010918 seconds .

========================================================================
Received Import Request.
  Time since last request: 0.001326 seconds.
  path: Assets/Prefabs
  artifactKey: Guid(2991e083c55e1c945afb1c81bc6bad5e) Importer(815301076,1909f56bfc062723c751e8b465ee728b)
Start importing Assets/Prefabs using Guid(2991e083c55e1c945afb1c81bc6bad5e) Importer(815301076,1909f56bfc062723c751e8b465ee728b)  -> (artifact id: '779b68e78fe6726fe634f26bbaa97297') in 0.003992 seconds
  Import took 0.009518 seconds .

========================================================================
Received Import Request.
  Time since last request: 5.750657 seconds.
  path: Assets/Code
  artifactKey: Guid(35c0b2d182f0b5c43ad891d5af4b67e6) Importer(815301076,1909f56bfc062723c751e8b465ee728b)
Start importing Assets/Code using Guid(35c0b2d182f0b5c43ad891d5af4b67e6) Importer(815301076,1909f56bfc062723c751e8b465ee728b)  -> (artifact id: 'd3cce4fd6b0dfbb6a535ca33f3ab45d4') in 0.004670 seconds
  Import took 0.010765 seconds .

========================================================================
Received Import Request.
  Time since last request: 1387.592466 seconds.
  path: Assets/Sprites/Slot.jpg
  artifactKey: Guid(a94667ce3d4db32409f1b0eafeeeab6a) Importer(815301076,1909f56bfc062723c751e8b465ee728b)
Start importing Assets/Sprites/Slot.jpg using Guid(a94667ce3d4db32409f1b0eafeeeab6a) Importer(815301076,1909f56bfc062723c751e8b465ee728b)  -> (artifact id: '1d8561c7d9e449006d9822aba1baccee') in 0.043491 seconds
  Import took 0.049378 seconds .

========================================================================
Received Import Request.
  Time since last request: 8.169377 seconds.
  path: Assets/Sprites/Slot.jpg
  artifactKey: Guid(a94667ce3d4db32409f1b0eafeeeab6a) Importer(815301076,1909f56bfc062723c751e8b465ee728b)
Start importing Assets/Sprites/Slot.jpg using Guid(a94667ce3d4db32409f1b0eafeeeab6a) Importer(815301076,1909f56bfc062723c751e8b465ee728b)  -> (artifact id: '64fb96c1e08afd006721e832bcb0efa5') in 0.034400 seconds
  Import took 0.040199 seconds .

========================================================================
Received Import Request.
  Time since last request: 148.531978 seconds.
  path: Assets/Sprites/Select.png
  artifactKey: Guid(edad83154a5b33948abc186fef3aa7d4) Importer(815301076,1909f56bfc062723c751e8b465ee728b)
Start importing Assets/Sprites/Select.png using Guid(edad83154a5b33948abc186fef3aa7d4) Importer(815301076,1909f56bfc062723c751e8b465ee728b)  -> (artifact id: '0c8ab048e2c5634db8acef08ececa3c7') in 0.015014 seconds
  Import took 0.022030 seconds .

========================================================================
Received Import Request.
  Time since last request: 6.627010 seconds.
  path: Assets/Sprites/Select.png
  artifactKey: Guid(edad83154a5b33948abc186fef3aa7d4) Importer(815301076,1909f56bfc062723c751e8b465ee728b)
Start importing Assets/Sprites/Select.png using Guid(edad83154a5b33948abc186fef3aa7d4) Importer(815301076,1909f56bfc062723c751e8b465ee728b)  -> (artifact id: 'b40bc5bef330b5a9aa90b9a3956da67c') in 0.015150 seconds
  Import took 0.021724 seconds .

========================================================================
Received Import Request.
  Time since last request: 102.079688 seconds.
  path: Assets/Sprites/Select.jpg
  artifactKey: Guid(bce495fd8fd85494cbcfc2cf68354d1b) Importer(815301076,1909f56bfc062723c751e8b465ee728b)
Start importing Assets/Sprites/Select.jpg using Guid(bce495fd8fd85494cbcfc2cf68354d1b) Importer(815301076,1909f56bfc062723c751e8b465ee728b)  -> (artifact id: '5b4571064bcdb2fa324c3df56d3b85dd') in 0.010493 seconds
  Import took 0.016809 seconds .

========================================================================
Received Import Request.
  Time since last request: 7.063982 seconds.
  path: Assets/Sprites/Select.jpg
  artifactKey: Guid(bce495fd8fd85494cbcfc2cf68354d1b) Importer(815301076,1909f56bfc062723c751e8b465ee728b)
Start importing Assets/Sprites/Select.jpg using Guid(bce495fd8fd85494cbcfc2cf68354d1b) Importer(815301076,1909f56bfc062723c751e8b465ee728b)  -> (artifact id: '18792e579c099ddb0d7b2811d7d5ff92') in 0.014965 seconds
  Import took 0.021176 seconds .

========================================================================
Received Import Request.
  Time since last request: 31.893304 seconds.
  path: Assets/Sprites/Select.jpg
  artifactKey: Guid(bce495fd8fd85494cbcfc2cf68354d1b) Importer(815301076,1909f56bfc062723c751e8b465ee728b)
Start importing Assets/Sprites/Select.jpg using Guid(bce495fd8fd85494cbcfc2cf68354d1b) Importer(815301076,1909f56bfc062723c751e8b465ee728b)  -> (artifact id: '420ac29dd140faed57bc70d5d5fc5fb2') in 0.013770 seconds
  Import took 0.020577 seconds .

========================================================================
Received Import Request.
  Time since last request: 7.424746 seconds.
  path: Assets/Sprites/Select.jpg
  artifactKey: Guid(bce495fd8fd85494cbcfc2cf68354d1b) Importer(815301076,1909f56bfc062723c751e8b465ee728b)
Start importing Assets/Sprites/Select.jpg using Guid(bce495fd8fd85494cbcfc2cf68354d1b) Importer(815301076,1909f56bfc062723c751e8b465ee728b)  -> (artifact id: '0ae4547bcbae1a31a7a82bfff483e837') in 0.012913 seconds
  Import took 0.018841 seconds .

========================================================================
Received Import Request.
  Time since last request: 2.129292 seconds.
  path: Assets/Sprites/Select.jpg
  artifactKey: Guid(bce495fd8fd85494cbcfc2cf68354d1b) Importer(815301076,1909f56bfc062723c751e8b465ee728b)
Start importing Assets/Sprites/Select.jpg using Guid(bce495fd8fd85494cbcfc2cf68354d1b) Importer(815301076,1909f56bfc062723c751e8b465ee728b)  -> (artifact id: 'e999e11b98746d52c2ab8b1a7701cb1c') in 0.012685 seconds
  Import took 0.019107 seconds .

========================================================================
Received Import Request.
  Time since last request: 10.242197 seconds.
  path: Assets/Sprites/Select.jpg
  artifactKey: Guid(bce495fd8fd85494cbcfc2cf68354d1b) Importer(815301076,1909f56bfc062723c751e8b465ee728b)
Start importing Assets/Sprites/Select.jpg using Guid(bce495fd8fd85494cbcfc2cf68354d1b) Importer(815301076,1909f56bfc062723c751e8b465ee728b)  -> (artifact id: '81cf979973b42305db93c2878e4d05e0') in 0.010329 seconds
  Import took 0.016068 seconds .

========================================================================
Received Import Request.
  Time since last request: 5.066756 seconds.
  path: Assets/Sprites/Select.jpg
  artifactKey: Guid(bce495fd8fd85494cbcfc2cf68354d1b) Importer(815301076,1909f56bfc062723c751e8b465ee728b)
Start importing Assets/Sprites/Select.jpg using Guid(bce495fd8fd85494cbcfc2cf68354d1b) Importer(815301076,1909f56bfc062723c751e8b465ee728b)  -> (artifact id: '07c99169e01155fa3c47c646cd13adb4') in 0.013775 seconds
  Import took 0.020229 seconds .

========================================================================
Received Import Request.
  Time since last request: 660.963302 seconds.
  path: Assets/Sprites/Selects.jpg
  artifactKey: Guid(2a59cfdd8117ce44688556c9fe56df43) Importer(815301076,1909f56bfc062723c751e8b465ee728b)
Start importing Assets/Sprites/Selects.jpg using Guid(2a59cfdd8117ce44688556c9fe56df43) Importer(815301076,1909f56bfc062723c751e8b465ee728b)  -> (artifact id: 'c1188f6742a95426d1069a7f3a150b19') in 0.014359 seconds
  Import took 0.020049 seconds .

========================================================================
Received Import Request.
  Time since last request: 9.753067 seconds.
  path: Assets/Sprites/Selects.jpg
  artifactKey: Guid(2a59cfdd8117ce44688556c9fe56df43) Importer(815301076,1909f56bfc062723c751e8b465ee728b)
Start importing Assets/Sprites/Selects.jpg using Guid(2a59cfdd8117ce44688556c9fe56df43) Importer(815301076,1909f56bfc062723c751e8b465ee728b)  -> (artifact id: '6f1e5617eb291cddff6b1de52d6c1520') in 0.016801 seconds
  Import took 0.022469 seconds .

========================================================================
Received Import Request.
  Time since last request: 124.156698 seconds.
  path: Assets/Sprites/Diamond.jpg
  artifactKey: Guid(2d72b2716e04f4a4384ac52b43f433eb) Importer(815301076,1909f56bfc062723c751e8b465ee728b)
Start importing Assets/Sprites/Diamond.jpg using Guid(2d72b2716e04f4a4384ac52b43f433eb) Importer(815301076,1909f56bfc062723c751e8b465ee728b)  -> (artifact id: '8ad900124e3715cb3d3fb3edfe24119e') in 0.012977 seconds
  Import took 0.019394 seconds .

========================================================================
Received Import Request.
  Time since last request: 0.000799 seconds.
  path: Assets/Sprites/Gold.jpg
  artifactKey: Guid(335a6b3d78dfecd4187e5fc2ab46bf11) Importer(815301076,1909f56bfc062723c751e8b465ee728b)
Start importing Assets/Sprites/Gold.jpg using Guid(335a6b3d78dfecd4187e5fc2ab46bf11) Importer(815301076,1909f56bfc062723c751e8b465ee728b)  -> (artifact id: 'bf6e6237866323c312764451d9ae1687') in 0.012256 seconds
  Import took 0.018745 seconds .

========================================================================
Received Import Request.
  Time since last request: 6.546597 seconds.
  path: Assets/Sprites/Gold.jpg
  artifactKey: Guid(335a6b3d78dfecd4187e5fc2ab46bf11) Importer(815301076,1909f56bfc062723c751e8b465ee728b)
Start importing Assets/Sprites/Gold.jpg using Guid(335a6b3d78dfecd4187e5fc2ab46bf11) Importer(815301076,1909f56bfc062723c751e8b465ee728b)  -> (artifact id: 'de574d56ac5010d516b1970979e186a9') in 0.019919 seconds
  Import took 0.025868 seconds .

========================================================================
Received Import Request.
  Time since last request: 4.515417 seconds.
  path: Assets/Sprites/Diamond.jpg
  artifactKey: Guid(2d72b2716e04f4a4384ac52b43f433eb) Importer(815301076,1909f56bfc062723c751e8b465ee728b)
Start importing Assets/Sprites/Diamond.jpg using Guid(2d72b2716e04f4a4384ac52b43f433eb) Importer(815301076,1909f56bfc062723c751e8b465ee728b)  -> (artifact id: 'a688ddfe519ec69543ff3b7a6a5d4561') in 0.017430 seconds
  Import took 0.023154 seconds .

========================================================================
Received Import Request.
  Time since last request: 1429.119518 seconds.
  path: Assets/Prefabs/Rewards.prefab
  artifactKey: Guid(ffa799aa1166b954097ba66c59218c75) Importer(815301076,1909f56bfc062723c751e8b465ee728b)
Start importing Assets/Prefabs/Rewards.prefab using Guid(ffa799aa1166b954097ba66c59218c75) Importer(815301076,1909f56bfc062723c751e8b465ee728b)  -> (artifact id: '91bbda460d5c9d0ec5ab6b7595f6e023') in 0.100597 seconds
  Import took 0.108123 seconds .

========================================================================
Received Import Request.
  Time since last request: 3.135202 seconds.
  path: Assets/Prefabs/Currency Window.prefab
  artifactKey: Guid(2d06f02583cf25f44b94800da05f6fca) Importer(815301076,1909f56bfc062723c751e8b465ee728b)
Start importing Assets/Prefabs/Currency Window.prefab using Guid(2d06f02583cf25f44b94800da05f6fca) Importer(815301076,1909f56bfc062723c751e8b465ee728b)  -> (artifact id: '004d478f150d67aaede760b854abf292') in 0.033945 seconds
  Import took 0.039704 seconds .

========================================================================
Received Prepare
Registering precompiled user dll's ...
Registered in 0.001038 seconds.
Begin MonoManager ReloadAssembly
Native extension for Lumin target not found
Native extension for LinuxStandalone target not found
Native extension for WindowsStandalone target not found
Native extension for OSXStandalone target not found
Native extension for WebGL target not found
Refreshing native plugins compatible for Editor in 0.28 ms, found 0 plugins.
Preloading 0 native plugins for Editor in 0.00 ms.
Mono: successfully reloaded assembly
- Completed reload, in  0.952 seconds
Platform modules already initialized, skipping
Refreshing native plugins compatible for Editor in 0.26 ms, found 0 plugins.
Preloading 0 native plugins for Editor in 0.00 ms.
Unloading 1124 Unused Serialized files (Serialized files now loaded: 0)
System memory in use before: 62.3 MB.
System memory in use after: 61.7 MB.

Unloading 19 unused Assets to reduce memory usage. Loaded Objects now: 1583.
Total: 2.488900 ms (FindLiveObjects: 0.174000 ms CreateObjectMapping: 0.031200 ms MarkObjects: 1.895000 ms  DeleteObjects: 0.386900 ms)

========================================================================
Received Import Request.
  Time since last request: 50.869136 seconds.
  path: Assets/Code/NewBehaviourScript.cs
  artifactKey: Guid(0ccdb9fbc3ac02647aa9f6b128454586) Importer(815301076,1909f56bfc062723c751e8b465ee728b)
Start importing Assets/Code/NewBehaviourScript.cs using Guid(0ccdb9fbc3ac02647aa9f6b128454586) Importer(815301076,1909f56bfc062723c751e8b465ee728b)  -> (artifact id: '0f180ea993078fd68640a071c9dd1907') in 0.037537 seconds
  Import took 0.044113 seconds .

========================================================================
Received Import Request.
  Time since last request: 8.440693 seconds.
  path: Assets/Code/RewardType.cs
  artifactKey: Guid(0ccdb9fbc3ac02647aa9f6b128454586) Importer(815301076,1909f56bfc062723c751e8b465ee728b)
Start importing Assets/Code/RewardType.cs using Guid(0ccdb9fbc3ac02647aa9f6b128454586) Importer(815301076,1909f56bfc062723c751e8b465ee728b)  -> (artifact id: '81c1caee49822b6a1fcab2d18c816587') in 0.004424 seconds
  Import took 0.010200 seconds .

========================================================================
Received Import Request.
  Time since last request: 0.002367 seconds.
  path: Assets/Code/RewardType.cs
  artifactKey: Guid(0ccdb9fbc3ac02647aa9f6b128454586) Importer(815301076,1909f56bfc062723c751e8b465ee728b)
Start importing Assets/Code/RewardType.cs using Guid(0ccdb9fbc3ac02647aa9f6b128454586) Importer(815301076,1909f56bfc062723c751e8b465ee728b)  -> (artifact id: '81c1caee49822b6a1fcab2d18c816587') in 0.004669 seconds
  Import took 0.010335 seconds .

========================================================================
Received Prepare
Registering precompiled user dll's ...
Registered in 0.000988 seconds.
Begin MonoManager ReloadAssembly
Native extension for Lumin target not found
Native extension for LinuxStandalone target not found
Native extension for WindowsStandalone target not found
Native extension for OSXStandalone target not found
Native extension for WebGL target not found
Refreshing native plugins compatible for Editor in 0.27 ms, found 0 plugins.
Preloading 0 native plugins for Editor in 0.00 ms.
Mono: successfully reloaded assembly
- Completed reload, in  0.956 seconds
Platform modules already initialized, skipping
Refreshing native plugins compatible for Editor in 0.27 ms, found 0 plugins.
Preloading 0 native plugins for Editor in 0.00 ms.
Unloading 1124 Unused Serialized files (Serialized files now loaded: 0)
System memory in use before: 62.3 MB.
System memory in use after: 61.7 MB.

Unloading 18 unused Assets to reduce memory usage. Loaded Objects now: 1586.
Total: 2.236400 ms (FindLiveObjects: 0.178500 ms CreateObjectMapping: 0.029600 ms MarkObjects: 1.587900 ms  DeleteObjects: 0.439100 ms)

========================================================================
Received Import Request.
  Time since last request: 7.871211 seconds.
  path: Assets/Code/Reward.cs
  artifactKey: Guid(4a350016efe5781439d9271e051eb554) Importer(815301076,1909f56bfc062723c751e8b465ee728b)
Start importing Assets/Code/Reward.cs using Guid(4a350016efe5781439d9271e051eb554) Importer(815301076,1909f56bfc062723c751e8b465ee728b)  -> (artifact id: '9de81f37b8d5d101a319f89118a339ae') in 0.007185 seconds
  Import took 0.012686 seconds .

========================================================================
Received Import Request.
  Time since last request: 0.063907 seconds.
  path: Assets/Code/Reward.cs
  artifactKey: Guid(4a350016efe5781439d9271e051eb554) Importer(815301076,1909f56bfc062723c751e8b465ee728b)
Start importing Assets/Code/Reward.cs using Guid(4a350016efe5781439d9271e051eb554) Importer(815301076,1909f56bfc062723c751e8b465ee728b)  -> (artifact id: '9de81f37b8d5d101a319f89118a339ae') in 0.003912 seconds
  Import took 0.009797 seconds .

========================================================================
Received Prepare
Registering precompiled user dll's ...
Registered in 0.000990 seconds.
Begin MonoManager ReloadAssembly
Native extension for Lumin target not found
Native extension for LinuxStandalone target not found
Native extension for WindowsStandalone target not found
Native extension for OSXStandalone target not found
Native extension for WebGL target not found
Refreshing native plugins compatible for Editor in 0.27 ms, found 0 plugins.
Preloading 0 native plugins for Editor in 0.00 ms.
Mono: successfully reloaded assembly
- Completed reload, in  0.954 seconds
Platform modules already initialized, skipping
Refreshing native plugins compatible for Editor in 0.28 ms, found 0 plugins.
Preloading 0 native plugins for Editor in 0.00 ms.
Unloading 1125 Unused Serialized files (Serialized files now loaded: 0)
System memory in use before: 62.3 MB.
System memory in use after: 61.7 MB.

Unloading 18 unused Assets to reduce memory usage. Loaded Objects now: 1590.
Total: 2.202000 ms (FindLiveObjects: 0.177000 ms CreateObjectMapping: 0.030100 ms MarkObjects: 1.589500 ms  DeleteObjects: 0.403900 ms)

========================================================================
Received Prepare
Registering precompiled user dll's ...
Registered in 0.000997 seconds.
Begin MonoManager ReloadAssembly
Native extension for Lumin target not found
Native extension for LinuxStandalone target not found
Native extension for WindowsStandalone target not found
Native extension for OSXStandalone target not found
Native extension for WebGL target not found
Refreshing native plugins compatible for Editor in 0.27 ms, found 0 plugins.
Preloading 0 native plugins for Editor in 0.00 ms.
Mono: successfully reloaded assembly
- Completed reload, in  0.973 seconds
Platform modules already initialized, skipping
Refreshing native plugins compatible for Editor in 0.28 ms, found 0 plugins.
Preloading 0 native plugins for Editor in 0.00 ms.
Unloading 1125 Unused Serialized files (Serialized files now loaded: 0)
System memory in use before: 62.3 MB.
System memory in use after: 61.7 MB.

Unloading 18 unused Assets to reduce memory usage. Loaded Objects now: 1593.
Total: 2.657300 ms (FindLiveObjects: 0.194300 ms CreateObjectMapping: 0.035400 ms MarkObjects: 1.995300 ms  DeleteObjects: 0.430200 ms)

========================================================================
Received Import Request.
  Time since last request: 187.881907 seconds.
  path: Assets/Code/RewardType.cs
  artifactKey: Guid(0ccdb9fbc3ac02647aa9f6b128454586) Importer(815301076,1909f56bfc062723c751e8b465ee728b)
Start importing Assets/Code/RewardType.cs using Guid(0ccdb9fbc3ac02647aa9f6b128454586) Importer(815301076,1909f56bfc062723c751e8b465ee728b)  -> (artifact id: '6800e676db4ce53cdf12dec5a05741be') in 0.007797 seconds
  Import took 0.015345 seconds .

========================================================================
Received Import Request.
  Time since last request: 16.036580 seconds.
  path: Assets/Code/ConteinerSlotView.cs
  artifactKey: Guid(ed475cb86a5ea15439a27ab9d22631af) Importer(815301076,1909f56bfc062723c751e8b465ee728b)
Start importing Assets/Code/ConteinerSlotView.cs using Guid(ed475cb86a5ea15439a27ab9d22631af) Importer(815301076,1909f56bfc062723c751e8b465ee728b)  -> (artifact id: '291e485f57972aaa23c8435552fbee9e') in 0.004830 seconds
  Import took 0.010183 seconds .

========================================================================
Received Prepare
Registering precompiled user dll's ...
Registered in 0.000989 seconds.
Begin MonoManager ReloadAssembly
Native extension for Lumin target not found
Native extension for LinuxStandalone target not found
Native extension for WindowsStandalone target not found
Native extension for OSXStandalone target not found
Native extension for WebGL target not found
Refreshing native plugins compatible for Editor in 0.27 ms, found 0 plugins.
Preloading 0 native plugins for Editor in 0.00 ms.
Mono: successfully reloaded assembly
- Completed reload, in  0.980 seconds
Platform modules already initialized, skipping
Refreshing native plugins compatible for Editor in 0.26 ms, found 0 plugins.
Preloading 0 native plugins for Editor in 0.00 ms.
Unloading 1126 Unused Serialized files (Serialized files now loaded: 0)
System memory in use before: 62.3 MB.
System memory in use after: 61.8 MB.

Unloading 18 unused Assets to reduce memory usage. Loaded Objects now: 1597.
Total: 2.198400 ms (FindLiveObjects: 0.177100 ms CreateObjectMapping: 0.030500 ms MarkObjects: 1.573400 ms  DeleteObjects: 0.416100 ms)

========================================================================
Received Prepare
Registering precompiled user dll's ...
Registered in 0.001022 seconds.
Begin MonoManager ReloadAssembly
Native extension for Lumin target not found
Native extension for LinuxStandalone target not found
Native extension for WindowsStandalone target not found
Native extension for OSXStandalone target not found
Native extension for WebGL target not found
Refreshing native plugins compatible for Editor in 0.29 ms, found 0 plugins.
Preloading 0 native plugins for Editor in 0.00 ms.
Mono: successfully reloaded assembly
- Completed reload, in  0.978 seconds
Platform modules already initialized, skipping
Refreshing native plugins compatible for Editor in 0.26 ms, found 0 plugins.
Preloading 0 native plugins for Editor in 0.00 ms.
Unloading 1126 Unused Serialized files (Serialized files now loaded: 0)
System memory in use before: 62.3 MB.
System memory in use after: 61.8 MB.

Unloading 18 unused Assets to reduce memory usage. Loaded Objects now: 1600.
Total: 3.047900 ms (FindLiveObjects: 0.194900 ms CreateObjectMapping: 0.031900 ms MarkObjects: 2.302200 ms  DeleteObjects: 0.516700 ms)

========================================================================
Received Import Request.
  Time since last request: 333.989303 seconds.
  path: Assets/Code/ConteinerSlotView.cs
  artifactKey: Guid(ed475cb86a5ea15439a27ab9d22631af) Importer(815301076,1909f56bfc062723c751e8b465ee728b)
Start importing Assets/Code/ConteinerSlotView.cs using Guid(ed475cb86a5ea15439a27ab9d22631af) Importer(815301076,1909f56bfc062723c751e8b465ee728b)  -> (artifact id: '8bc5cea48fddb27f151bf05f675fa579') in 0.006995 seconds
  Import took 0.012370 seconds .

========================================================================
Received Import Request.
  Time since last request: 37.905367 seconds.
  path: Assets/Prefabs/Conteiner Reward.prefab
  artifactKey: Guid(80a0d4fbc65e2cd42abf87279aff3a91) Importer(815301076,1909f56bfc062723c751e8b465ee728b)
Start importing Assets/Prefabs/Conteiner Reward.prefab using Guid(80a0d4fbc65e2cd42abf87279aff3a91) Importer(815301076,1909f56bfc062723c751e8b465ee728b)  -> (artifact id: '8a2a09d33e88d38ce2b64fb2c8f81b0c') in 0.092078 seconds
  Import took 0.097972 seconds .

========================================================================
Received Import Request.
  Time since last request: 4.514826 seconds.
  path: Assets/Prefabs/Rewards.prefab
  artifactKey: Guid(ffa799aa1166b954097ba66c59218c75) Importer(815301076,1909f56bfc062723c751e8b465ee728b)
Start importing Assets/Prefabs/Rewards.prefab using Guid(ffa799aa1166b954097ba66c59218c75) Importer(815301076,1909f56bfc062723c751e8b465ee728b)  -> (artifact id: '28857610c36f03c4d42d43dab58f489f') in 0.046625 seconds
  Import took 0.053260 seconds .

========================================================================
Received Import Request.
  Time since last request: 16.265293 seconds.
  path: Assets/Prefabs/Conteiner Reward.prefab
  artifactKey: Guid(80a0d4fbc65e2cd42abf87279aff3a91) Importer(815301076,1909f56bfc062723c751e8b465ee728b)
Start importing Assets/Prefabs/Conteiner Reward.prefab using Guid(80a0d4fbc65e2cd42abf87279aff3a91) Importer(815301076,1909f56bfc062723c751e8b465ee728b)  -> (artifact id: '14e0af56a5a39ce19576abfcd41e0823') in 0.032838 seconds
  Import took 0.038553 seconds .

========================================================================
Received Import Request.
  Time since last request: 0.000659 seconds.
  path: Assets/Prefabs/Rewards.prefab
  artifactKey: Guid(ffa799aa1166b954097ba66c59218c75) Importer(815301076,1909f56bfc062723c751e8b465ee728b)
Start importing Assets/Prefabs/Rewards.prefab using Guid(ffa799aa1166b954097ba66c59218c75) Importer(815301076,1909f56bfc062723c751e8b465ee728b)  -> (artifact id: '72ba3e9e879526d41963bb12c82bbfb5') in 0.036854 seconds
  Import took 0.044196 seconds .

========================================================================
Received Import Request.
  Time since last request: 118.909699 seconds.
  path: Assets/Prefabs/Conteiner Reward 1.prefab
  artifactKey: Guid(0e42cf55d5f9c044eae4cb4662126195) Importer(815301076,1909f56bfc062723c751e8b465ee728b)
Start importing Assets/Prefabs/Conteiner Reward 1.prefab using Guid(0e42cf55d5f9c044eae4cb4662126195) Importer(815301076,1909f56bfc062723c751e8b465ee728b)  -> (artifact id: '5b44a9a0a00f141c1058cd1713178c4f') in 0.032563 seconds
  Import took 0.039122 seconds .

========================================================================
Received Import Request.
  Time since last request: 3.989320 seconds.
  path: Assets/Prefabs/Rewards.prefab
  artifactKey: Guid(ffa799aa1166b954097ba66c59218c75) Importer(815301076,1909f56bfc062723c751e8b465ee728b)
Start importing Assets/Prefabs/Rewards.prefab using Guid(ffa799aa1166b954097ba66c59218c75) Importer(815301076,1909f56bfc062723c751e8b465ee728b)  -> (artifact id: '0e3e44c2bd1cba2992145022751b4f53') in 0.037160 seconds
  Import took 0.043997 seconds .

========================================================================
Received Import Request.
  Time since last request: 6.121215 seconds.
  path: Assets/Prefabs/Conteiner Reward.prefab
  artifactKey: Guid(0e42cf55d5f9c044eae4cb4662126195) Importer(815301076,1909f56bfc062723c751e8b465ee728b)
Start importing Assets/Prefabs/Conteiner Reward.prefab using Guid(0e42cf55d5f9c044eae4cb4662126195) Importer(815301076,1909f56bfc062723c751e8b465ee728b)  -> (artifact id: 'd5df863a646f588d16e121882b813d96') in 0.033753 seconds
  Import took 0.040453 seconds .

========================================================================
Received Import Request.
  Time since last request: 3.449249 seconds.
  path: Assets/Prefabs/Rewards.prefab
  artifactKey: Guid(ffa799aa1166b954097ba66c59218c75) Importer(815301076,1909f56bfc062723c751e8b465ee728b)
Start importing Assets/Prefabs/Rewards.prefab using Guid(ffa799aa1166b954097ba66c59218c75) Importer(815301076,1909f56bfc062723c751e8b465ee728b)  -> (artifact id: '573673df0b6512c4fd877a0d8f1ded8d') in 0.037982 seconds
  Import took 0.044946 seconds .

========================================================================
Received Prepare
Registering precompiled user dll's ...
Registered in 0.001062 seconds.
Begin MonoManager ReloadAssembly
Native extension for Lumin target not found
Native extension for LinuxStandalone target not found
Native extension for WindowsStandalone target not found
Native extension for OSXStandalone target not found
Native extension for WebGL target not found
Refreshing native plugins compatible for Editor in 0.27 ms, found 0 plugins.
Preloading 0 native plugins for Editor in 0.00 ms.
Mono: successfully reloaded assembly
- Completed reload, in  0.982 seconds
Platform modules already initialized, skipping
Refreshing native plugins compatible for Editor in 0.26 ms, found 0 plugins.
Preloading 0 native plugins for Editor in 0.00 ms.
Unloading 1127 Unused Serialized files (Serialized files now loaded: 0)
System memory in use before: 62.4 MB.
System memory in use after: 61.8 MB.

Unloading 19 unused Assets to reduce memory usage. Loaded Objects now: 1604.
Total: 2.296200 ms (FindLiveObjects: 0.190700 ms CreateObjectMapping: 0.031500 ms MarkObjects: 1.646800 ms  DeleteObjects: 0.425200 ms)

========================================================================
Received Import Request.
  Time since last request: 83.732267 seconds.
  path: Assets/Code/CurrencyWindow.cs
  artifactKey: Guid(841cbc4c6ad199a49b5bfe4fd4e281c0) Importer(815301076,1909f56bfc062723c751e8b465ee728b)
Start importing Assets/Code/CurrencyWindow.cs using Guid(841cbc4c6ad199a49b5bfe4fd4e281c0) Importer(815301076,1909f56bfc062723c751e8b465ee728b)  -> (artifact id: 'ca9298c9b5acfce3fee2e452fa81edac') in 0.006738 seconds
  Import took 0.012584 seconds .

========================================================================
Received Prepare
Registering precompiled user dll's ...
Registered in 0.000994 seconds.
Begin MonoManager ReloadAssembly
Native extension for Lumin target not found
Native extension for LinuxStandalone target not found
Native extension for WindowsStandalone target not found
Native extension for OSXStandalone target not found
Native extension for WebGL target not found
Refreshing native plugins compatible for Editor in 0.26 ms, found 0 plugins.
Preloading 0 native plugins for Editor in 0.00 ms.
Mono: successfully reloaded assembly
- Completed reload, in  0.925 seconds
Platform modules already initialized, skipping
Refreshing native plugins compatible for Editor in 0.27 ms, found 0 plugins.
Preloading 0 native plugins for Editor in 0.00 ms.
Unloading 1127 Unused Serialized files (Serialized files now loaded: 0)
System memory in use before: 62.4 MB.
System memory in use after: 61.8 MB.

Unloading 18 unused Assets to reduce memory usage. Loaded Objects now: 1607.
Total: 2.384500 ms (FindLiveObjects: 0.205400 ms CreateObjectMapping: 0.032000 ms MarkObjects: 1.717300 ms  DeleteObjects: 0.427800 ms)

========================================================================
Received Import Request.
  Time since last request: 557.601321 seconds.
  path: Assets/Code/CurrencyWindow.cs
  artifactKey: Guid(841cbc4c6ad199a49b5bfe4fd4e281c0) Importer(815301076,1909f56bfc062723c751e8b465ee728b)
Start importing Assets/Code/CurrencyWindow.cs using Guid(841cbc4c6ad199a49b5bfe4fd4e281c0) Importer(815301076,1909f56bfc062723c751e8b465ee728b)  -> (artifact id: 'e7de98c3467f832e6a5b76b7664ad90e') in 0.006247 seconds
  Import took 0.011635 seconds .

========================================================================
Received Import Request.
  Time since last request: 94.478608 seconds.
  path: Assets/Prefabs/Conteiner Bar.prefab
  artifactKey: Guid(4e3fc067890cf8e489c9f2595b13d9f2) Importer(815301076,1909f56bfc062723c751e8b465ee728b)
Start importing Assets/Prefabs/Conteiner Bar.prefab using Guid(4e3fc067890cf8e489c9f2595b13d9f2) Importer(815301076,1909f56bfc062723c751e8b465ee728b)  -> (artifact id: 'd3667e3f108e6cb48df17ba1d6b80ee5') in 0.090995 seconds
  Import took 0.098094 seconds .

========================================================================
Received Import Request.
  Time since last request: 505.303410 seconds.
  path: Assets/Code/DailyRewardView.cs
  artifactKey: Guid(2121c653bc3b9ea40a35e39d06ee989d) Importer(815301076,1909f56bfc062723c751e8b465ee728b)
Start importing Assets/Code/DailyRewardView.cs using Guid(2121c653bc3b9ea40a35e39d06ee989d) Importer(815301076,1909f56bfc062723c751e8b465ee728b)  -> (artifact id: '3866569c023813424398b067eb1176c4') in 0.004548 seconds
  Import took 0.011035 seconds .

========================================================================
Received Import Request.
  Time since last request: 0.004972 seconds.
  path: Assets/Code/DailyRewardView.cs
  artifactKey: Guid(2121c653bc3b9ea40a35e39d06ee989d) Importer(815301076,1909f56bfc062723c751e8b465ee728b)
Start importing Assets/Code/DailyRewardView.cs using Guid(2121c653bc3b9ea40a35e39d06ee989d) Importer(815301076,1909f56bfc062723c751e8b465ee728b)  -> (artifact id: '3866569c023813424398b067eb1176c4') in 0.003963 seconds
  Import took 0.010442 seconds .

========================================================================
Received Prepare
Registering precompiled user dll's ...
Registered in 0.000994 seconds.
Begin MonoManager ReloadAssembly
Native extension for Lumin target not found
Native extension for LinuxStandalone target not found
Native extension for WindowsStandalone target not found
Native extension for OSXStandalone target not found
Native extension for WebGL target not found
Refreshing native plugins compatible for Editor in 0.29 ms, found 0 plugins.
Preloading 0 native plugins for Editor in 0.00 ms.
Mono: successfully reloaded assembly
- Completed reload, in  0.917 seconds
Platform modules already initialized, skipping
Script is not up to date after domain reload: guid(3f31fca902a85ec43a9908af5a7b23bb) path("Assets/Code/NewBehaviourScript.cs") state(2)
Refreshing native plugins compatible for Editor in 0.27 ms, found 0 plugins.
Preloading 0 native plugins for Editor in 0.00 ms.
Unloading 1128 Unused Serialized files (Serialized files now loaded: 0)
System memory in use before: 62.4 MB.
System memory in use after: 61.8 MB.

Unloading 18 unused Assets to reduce memory usage. Loaded Objects now: 1611.
Total: 2.277000 ms (FindLiveObjects: 0.182800 ms CreateObjectMapping: 0.032600 ms MarkObjects: 1.636000 ms  DeleteObjects: 0.424400 ms)

========================================================================
Received Import Request.
  Time since last request: 6.185125 seconds.
  path: Assets/Code/NewBehaviourScript.cs
  artifactKey: Guid(3f31fca902a85ec43a9908af5a7b23bb) Importer(815301076,1909f56bfc062723c751e8b465ee728b)
Start importing Assets/Code/NewBehaviourScript.cs using Guid(3f31fca902a85ec43a9908af5a7b23bb) Importer(815301076,1909f56bfc062723c751e8b465ee728b)  -> (artifact id: '67bb976bc3b9cfaf0c114a443886aea8') in 0.006458 seconds
  Import took 0.012713 seconds .

========================================================================
Received Prepare
Registering precompiled user dll's ...
Registered in 0.000979 seconds.
Begin MonoManager ReloadAssembly
Native extension for Lumin target not found
Native extension for LinuxStandalone target not found
Native extension for WindowsStandalone target not found
Native extension for OSXStandalone target not found
Native extension for WebGL target not found
Refreshing native plugins compatible for Editor in 0.27 ms, found 0 plugins.
Preloading 0 native plugins for Editor in 0.00 ms.
Mono: successfully reloaded assembly
- Completed reload, in  0.916 seconds
Platform modules already initialized, skipping
Refreshing native plugins compatible for Editor in 0.26 ms, found 0 plugins.
Preloading 0 native plugins for Editor in 0.00 ms.
Unloading 1129 Unused Serialized files (Serialized files now loaded: 0)
System memory in use before: 62.5 MB.
System memory in use after: 61.9 MB.

Unloading 18 unused Assets to reduce memory usage. Loaded Objects now: 1615.
Total: 2.232700 ms (FindLiveObjects: 0.167800 ms CreateObjectMapping: 0.031700 ms MarkObjects: 1.628900 ms  DeleteObjects: 0.403200 ms)

========================================================================
Received Import Request.
  Time since last request: 13.133688 seconds.
  path: Assets/Code/DailyRewardController.cs
  artifactKey: Guid(3f31fca902a85ec43a9908af5a7b23bb) Importer(815301076,1909f56bfc062723c751e8b465ee728b)
Start importing Assets/Code/DailyRewardController.cs using Guid(3f31fca902a85ec43a9908af5a7b23bb) Importer(815301076,1909f56bfc062723c751e8b465ee728b)  -> (artifact id: 'cec72d0fd4e2ea2a1de654199773b847') in 0.007046 seconds
  Import took 0.012888 seconds .

========================================================================
Received Import Request.
  Time since last request: 0.003204 seconds.
  path: Assets/Code/DailyRewardController.cs
  artifactKey: Guid(3f31fca902a85ec43a9908af5a7b23bb) Importer(815301076,1909f56bfc062723c751e8b465ee728b)
Start importing Assets/Code/DailyRewardController.cs using Guid(3f31fca902a85ec43a9908af5a7b23bb) Importer(815301076,1909f56bfc062723c751e8b465ee728b)  -> (artifact id: 'cec72d0fd4e2ea2a1de654199773b847') in 0.005277 seconds
  Import took 0.010535 seconds .

========================================================================
Received Prepare
Registering precompiled user dll's ...
Registered in 0.001003 seconds.
Begin MonoManager ReloadAssembly
Native extension for Lumin target not found
Native extension for LinuxStandalone target not found
Native extension for WindowsStandalone target not found
Native extension for OSXStandalone target not found
Native extension for WebGL target not found
Refreshing native plugins compatible for Editor in 0.31 ms, found 0 plugins.
Preloading 0 native plugins for Editor in 0.00 ms.
Mono: successfully reloaded assembly
- Completed reload, in  0.944 seconds
Platform modules already initialized, skipping
Refreshing native plugins compatible for Editor in 0.27 ms, found 0 plugins.
Preloading 0 native plugins for Editor in 0.00 ms.
Unloading 1129 Unused Serialized files (Serialized files now loaded: 0)
System memory in use before: 62.5 MB.
System memory in use after: 61.9 MB.

Unloading 18 unused Assets to reduce memory usage. Loaded Objects now: 1618.
Total: 2.215900 ms (FindLiveObjects: 0.175400 ms CreateObjectMapping: 0.030300 ms MarkObjects: 1.592100 ms  DeleteObjects: 0.417100 ms)

========================================================================
Received Prepare
Registering precompiled user dll's ...
Registered in 0.001057 seconds.
Begin MonoManager ReloadAssembly
Native extension for Lumin target not found
Native extension for LinuxStandalone target not found
Native extension for WindowsStandalone target not found
Native extension for OSXStandalone target not found
Native extension for WebGL target not found
Refreshing native plugins compatible for Editor in 0.27 ms, found 0 plugins.
Preloading 0 native plugins for Editor in 0.00 ms.
Mono: successfully reloaded assembly
- Completed reload, in  0.929 seconds
Platform modules already initialized, skipping
Refreshing native plugins compatible for Editor in 0.26 ms, found 0 plugins.
Preloading 0 native plugins for Editor in 0.00 ms.
Unloading 1129 Unused Serialized files (Serialized files now loaded: 0)
System memory in use before: 62.5 MB.
System memory in use after: 61.9 MB.

Unloading 18 unused Assets to reduce memory usage. Loaded Objects now: 1621.
Total: 2.441100 ms (FindLiveObjects: 0.186700 ms CreateObjectMapping: 0.030600 ms MarkObjects: 1.796300 ms  DeleteObjects: 0.424900 ms)

========================================================================
Received Import Request.
  Time since last request: 1200.709483 seconds.
  path: Assets/Code/DailyRewardView.cs
  artifactKey: Guid(2121c653bc3b9ea40a35e39d06ee989d) Importer(815301076,1909f56bfc062723c751e8b465ee728b)
Start importing Assets/Code/DailyRewardView.cs using Guid(2121c653bc3b9ea40a35e39d06ee989d) Importer(815301076,1909f56bfc062723c751e8b465ee728b)  -> (artifact id: 'b82158e7006912c4a9cdba6eabf8fcb8') in 0.006424 seconds
  Import took 0.012294 seconds .

========================================================================
Received Prepare
Registering precompiled user dll's ...
Registered in 0.001074 seconds.
Begin MonoManager ReloadAssembly
Native extension for Lumin target not found
Native extension for LinuxStandalone target not found
Native extension for WindowsStandalone target not found
Native extension for OSXStandalone target not found
Native extension for WebGL target not found
Refreshing native plugins compatible for Editor in 0.27 ms, found 0 plugins.
Preloading 0 native plugins for Editor in 0.00 ms.
Mono: successfully reloaded assembly
- Completed reload, in  0.938 seconds
Platform modules already initialized, skipping
Refreshing native plugins compatible for Editor in 0.26 ms, found 0 plugins.
Preloading 0 native plugins for Editor in 0.00 ms.
Unloading 1129 Unused Serialized files (Serialized files now loaded: 0)
System memory in use before: 62.5 MB.
System memory in use after: 61.9 MB.

Unloading 18 unused Assets to reduce memory usage. Loaded Objects now: 1624.
Total: 2.312400 ms (FindLiveObjects: 0.188900 ms CreateObjectMapping: 0.031600 ms MarkObjects: 1.661200 ms  DeleteObjects: 0.428600 ms)

========================================================================
Received Import Request.
  Time since last request: 668.125283 seconds.
  path: Assets/Code/RootView.cs
  artifactKey: Guid(a24eed5fefcdc8a4ab120d2035c214dd) Importer(815301076,1909f56bfc062723c751e8b465ee728b)
Start importing Assets/Code/RootView.cs using Guid(a24eed5fefcdc8a4ab120d2035c214dd) Importer(815301076,1909f56bfc062723c751e8b465ee728b)  -> (artifact id: 'da92ece331443a9cb8c3ff34b6cff3df') in 0.009195 seconds
  Import took 0.016064 seconds .

========================================================================
Received Prepare
Registering precompiled user dll's ...
Registered in 0.001007 seconds.
Begin MonoManager ReloadAssembly
Native extension for Lumin target not found
Native extension for LinuxStandalone target not found
Native extension for WindowsStandalone target not found
Native extension for OSXStandalone target not found
Native extension for WebGL target not found
Refreshing native plugins compatible for Editor in 0.27 ms, found 0 plugins.
Preloading 0 native plugins for Editor in 0.00 ms.
Mono: successfully reloaded assembly
- Completed reload, in  0.954 seconds
Platform modules already initialized, skipping
Refreshing native plugins compatible for Editor in 0.26 ms, found 0 plugins.
Preloading 0 native plugins for Editor in 0.00 ms.
Unloading 1130 Unused Serialized files (Serialized files now loaded: 0)
System memory in use before: 62.5 MB.
System memory in use after: 61.9 MB.

Unloading 18 unused Assets to reduce memory usage. Loaded Objects now: 1628.
Total: 2.230500 ms (FindLiveObjects: 0.178600 ms CreateObjectMapping: 0.031000 ms MarkObjects: 1.603000 ms  DeleteObjects: 0.416900 ms)

========================================================================
Received Prepare
Registering precompiled user dll's ...
Registered in 0.000994 seconds.
Begin MonoManager ReloadAssembly
Native extension for Lumin target not found
Native extension for LinuxStandalone target not found
Native extension for WindowsStandalone target not found
Native extension for OSXStandalone target not found
Native extension for WebGL target not found
Refreshing native plugins compatible for Editor in 0.27 ms, found 0 plugins.
Preloading 0 native plugins for Editor in 0.00 ms.
Mono: successfully reloaded assembly
- Completed reload, in  0.929 seconds
Platform modules already initialized, skipping
Refreshing native plugins compatible for Editor in 0.27 ms, found 0 plugins.
Preloading 0 native plugins for Editor in 0.00 ms.
Unloading 1130 Unused Serialized files (Serialized files now loaded: 0)
System memory in use before: 62.5 MB.
System memory in use after: 61.9 MB.

Unloading 18 unused Assets to reduce memory usage. Loaded Objects now: 1631.
Total: 2.289000 ms (FindLiveObjects: 0.176600 ms CreateObjectMapping: 0.030700 ms MarkObjects: 1.630400 ms  DeleteObjects: 0.448900 ms)

========================================================================
Received Import Request.
  Time since last request: 181.060496 seconds.
  path: Assets/Code/RootView.cs
  artifactKey: Guid(a24eed5fefcdc8a4ab120d2035c214dd) Importer(815301076,1909f56bfc062723c751e8b465ee728b)
Start importing Assets/Code/RootView.cs using Guid(a24eed5fefcdc8a4ab120d2035c214dd) Importer(815301076,1909f56bfc062723c751e8b465ee728b)  -> (artifact id: 'bcc45cfbd1f564382c825fc12524660b') in 0.006346 seconds
  Import took 0.012428 seconds .

========================================================================
Received Prepare
Registering precompiled user dll's ...
Registered in 0.001025 seconds.
Begin MonoManager ReloadAssembly
Native extension for Lumin target not found
Native extension for LinuxStandalone target not found
Native extension for WindowsStandalone target not found
Native extension for OSXStandalone target not found
Native extension for WebGL target not found
Refreshing native plugins compatible for Editor in 0.27 ms, found 0 plugins.
Preloading 0 native plugins for Editor in 0.00 ms.
Mono: successfully reloaded assembly
- Completed reload, in  0.949 seconds
Platform modules already initialized, skipping
Refreshing native plugins compatible for Editor in 0.27 ms, found 0 plugins.
Preloading 0 native plugins for Editor in 0.00 ms.
Unloading 1130 Unused Serialized files (Serialized files now loaded: 0)
System memory in use before: 62.5 MB.
System memory in use after: 61.9 MB.

Unloading 18 unused Assets to reduce memory usage. Loaded Objects now: 1634.
Total: 2.495400 ms (FindLiveObjects: 0.181200 ms CreateObjectMapping: 0.030600 ms MarkObjects: 1.788400 ms  DeleteObjects: 0.493700 ms)

========================================================================
Received Import Request.
  Time since last request: 45.177134 seconds.
  path: Assets/Prefabs/Rewards.prefab
  artifactKey: Guid(ffa799aa1166b954097ba66c59218c75) Importer(815301076,1909f56bfc062723c751e8b465ee728b)
Start importing Assets/Prefabs/Rewards.prefab using Guid(ffa799aa1166b954097ba66c59218c75) Importer(815301076,1909f56bfc062723c751e8b465ee728b)  -> (artifact id: 'd27ec3fb12aeec7d7750108248d05562') in 0.107502 seconds
  Import took 0.115368 seconds .

========================================================================
Received Prepare
Registering precompiled user dll's ...
Registered in 0.001007 seconds.
Begin MonoManager ReloadAssembly
Native extension for Lumin target not found
Native extension for LinuxStandalone target not found
Native extension for WindowsStandalone target not found
Native extension for OSXStandalone target not found
Native extension for WebGL target not found
Refreshing native plugins compatible for Editor in 0.27 ms, found 0 plugins.
Preloading 0 native plugins for Editor in 0.00 ms.
Mono: successfully reloaded assembly
- Completed reload, in  0.914 seconds
Platform modules already initialized, skipping
Refreshing native plugins compatible for Editor in 0.27 ms, found 0 plugins.
Preloading 0 native plugins for Editor in 0.00 ms.
Unloading 1130 Unused Serialized files (Serialized files now loaded: 0)
System memory in use before: 62.5 MB.
System memory in use after: 62.0 MB.

Unloading 19 unused Assets to reduce memory usage. Loaded Objects now: 1637.
Total: 2.349200 ms (FindLiveObjects: 0.244200 ms CreateObjectMapping: 0.033300 ms MarkObjects: 1.640000 ms  DeleteObjects: 0.430500 ms)

========================================================================
Received Prepare
Registering precompiled user dll's ...
Registered in 0.000966 seconds.
Begin MonoManager ReloadAssembly
Native extension for Lumin target not found
Native extension for LinuxStandalone target not found
Native extension for WindowsStandalone target not found
Native extension for OSXStandalone target not found
Native extension for WebGL target not found
Refreshing native plugins compatible for Editor in 0.28 ms, found 0 plugins.
Preloading 0 native plugins for Editor in 0.00 ms.
Mono: successfully reloaded assembly
- Completed reload, in  0.929 seconds
Platform modules already initialized, skipping
Refreshing native plugins compatible for Editor in 0.27 ms, found 0 plugins.
Preloading 0 native plugins for Editor in 0.00 ms.
Unloading 1130 Unused Serialized files (Serialized files now loaded: 0)
System memory in use before: 62.5 MB.
System memory in use after: 62.0 MB.

Unloading 18 unused Assets to reduce memory usage. Loaded Objects now: 1640.
Total: 2.365900 ms (FindLiveObjects: 0.181400 ms CreateObjectMapping: 0.030800 ms MarkObjects: 1.693600 ms  DeleteObjects: 0.458300 ms)

========================================================================
Received Prepare
Registering precompiled user dll's ...
Registered in 0.001064 seconds.
Begin MonoManager ReloadAssembly
Native extension for Lumin target not found
Native extension for LinuxStandalone target not found
Native extension for WindowsStandalone target not found
Native extension for OSXStandalone target not found
Native extension for WebGL target not found
Refreshing native plugins compatible for Editor in 0.29 ms, found 0 plugins.
Preloading 0 native plugins for Editor in 0.00 ms.
Mono: successfully reloaded assembly
- Completed reload, in  0.927 seconds
Platform modules already initialized, skipping
Refreshing native plugins compatible for Editor in 0.27 ms, found 0 plugins.
Preloading 0 native plugins for Editor in 0.00 ms.
Unloading 1130 Unused Serialized files (Serialized files now loaded: 0)
System memory in use before: 62.5 MB.
System memory in use after: 62.0 MB.

Unloading 18 unused Assets to reduce memory usage. Loaded Objects now: 1643.
Total: 2.279200 ms (FindLiveObjects: 0.192100 ms CreateObjectMapping: 0.031200 ms MarkObjects: 1.638400 ms  DeleteObjects: 0.416300 ms)

========================================================================
Received Prepare
Registering precompiled user dll's ...
Registered in 0.000970 seconds.
Begin MonoManager ReloadAssembly
Native extension for Lumin target not found
Native extension for LinuxStandalone target not found
Native extension for WindowsStandalone target not found
Native extension for OSXStandalone target not found
Native extension for WebGL target not found
Refreshing native plugins compatible for Editor in 0.27 ms, found 0 plugins.
Preloading 0 native plugins for Editor in 0.00 ms.
Mono: successfully reloaded assembly
- Completed reload, in  0.912 seconds
Platform modules already initialized, skipping
Refreshing native plugins compatible for Editor in 0.25 ms, found 0 plugins.
Preloading 0 native plugins for Editor in 0.00 ms.
Unloading 1130 Unused Serialized files (Serialized files now loaded: 0)
System memory in use before: 62.6 MB.
System memory in use after: 62.0 MB.

Unloading 18 unused Assets to reduce memory usage. Loaded Objects now: 1646.
Total: 2.332400 ms (FindLiveObjects: 0.182400 ms CreateObjectMapping: 0.031300 ms MarkObjects: 1.676500 ms  DeleteObjects: 0.440100 ms)

========================================================================
Received Prepare
Registering precompiled user dll's ...
Registered in 0.001012 seconds.
Begin MonoManager ReloadAssembly
Native extension for Lumin target not found
Native extension for LinuxStandalone target not found
Native extension for WindowsStandalone target not found
Native extension for OSXStandalone target not found
Native extension for WebGL target not found
Refreshing native plugins compatible for Editor in 0.27 ms, found 0 plugins.
Preloading 0 native plugins for Editor in 0.00 ms.
Mono: successfully reloaded assembly
- Completed reload, in  0.914 seconds
Platform modules already initialized, skipping
Refreshing native plugins compatible for Editor in 0.26 ms, found 0 plugins.
Preloading 0 native plugins for Editor in 0.00 ms.
Unloading 1130 Unused Serialized files (Serialized files now loaded: 0)
System memory in use before: 62.6 MB.
System memory in use after: 62.0 MB.

Unloading 18 unused Assets to reduce memory usage. Loaded Objects now: 1649.
Total: 2.293300 ms (FindLiveObjects: 0.193100 ms CreateObjectMapping: 0.033300 ms MarkObjects: 1.641400 ms  DeleteObjects: 0.424200 ms)

========================================================================
Received Prepare
Registering precompiled user dll's ...
Registered in 0.000983 seconds.
Begin MonoManager ReloadAssembly
Native extension for Lumin target not found
Native extension for LinuxStandalone target not found
Native extension for WindowsStandalone target not found
Native extension for OSXStandalone target not found
Native extension for WebGL target not found
Refreshing native plugins compatible for Editor in 0.27 ms, found 0 plugins.
Preloading 0 native plugins for Editor in 0.00 ms.
Mono: successfully reloaded assembly
- Completed reload, in  0.908 seconds
Platform modules already initialized, skipping
Refreshing native plugins compatible for Editor in 0.26 ms, found 0 plugins.
Preloading 0 native plugins for Editor in 0.00 ms.
Unloading 1130 Unused Serialized files (Serialized files now loaded: 0)
System memory in use before: 62.6 MB.
System memory in use after: 62.0 MB.

Unloading 18 unused Assets to reduce memory usage. Loaded Objects now: 1652.
Total: 2.273300 ms (FindLiveObjects: 0.166700 ms CreateObjectMapping: 0.033200 ms MarkObjects: 1.660600 ms  DeleteObjects: 0.411500 ms)

========================================================================
Received Import Request.
  Time since last request: 1369.370322 seconds.
  path: Assets/Prefabs/Rewards 1.prefab
  artifactKey: Guid(45c7042bbced6a34583f1b46c5e70593) Importer(815301076,1909f56bfc062723c751e8b465ee728b)
Start importing Assets/Prefabs/Rewards 1.prefab using Guid(45c7042bbced6a34583f1b46c5e70593) Importer(815301076,1909f56bfc062723c751e8b465ee728b)  -> (artifact id: 'ee4658c06e329c87a5d021c97862640b') in 0.108062 seconds
  Import took 0.114153 seconds .

========================================================================
Received Prepare
Registering precompiled user dll's ...
Registered in 0.000965 seconds.
Begin MonoManager ReloadAssembly
Native extension for Lumin target not found
Native extension for LinuxStandalone target not found
Native extension for WindowsStandalone target not found
Native extension for OSXStandalone target not found
Native extension for WebGL target not found
Refreshing native plugins compatible for Editor in 0.27 ms, found 0 plugins.
Preloading 0 native plugins for Editor in 0.00 ms.
Mono: successfully reloaded assembly
- Completed reload, in  0.910 seconds
Platform modules already initialized, skipping
Refreshing native plugins compatible for Editor in 0.26 ms, found 0 plugins.
Preloading 0 native plugins for Editor in 0.00 ms.
Unloading 1130 Unused Serialized files (Serialized files now loaded: 0)
System memory in use before: 62.6 MB.
System memory in use after: 62.0 MB.

Unloading 19 unused Assets to reduce memory usage. Loaded Objects now: 1655.
Total: 2.287100 ms (FindLiveObjects: 0.157100 ms CreateObjectMapping: 0.031200 ms MarkObjects: 1.682800 ms  DeleteObjects: 0.415100 ms)

========================================================================
Received Prepare
Registering precompiled user dll's ...
Registered in 0.000904 seconds.
Begin MonoManager ReloadAssembly
Native extension for Lumin target not found
Native extension for LinuxStandalone target not found
Native extension for WindowsStandalone target not found
Native extension for OSXStandalone target not found
Native extension for WebGL target not found
Refreshing native plugins compatible for Editor in 0.27 ms, found 0 plugins.
Preloading 0 native plugins for Editor in 0.00 ms.
Mono: successfully reloaded assembly
- Completed reload, in  0.915 seconds
Platform modules already initialized, skipping
Refreshing native plugins compatible for Editor in 0.26 ms, found 0 plugins.
Preloading 0 native plugins for Editor in 0.00 ms.
Unloading 1130 Unused Serialized files (Serialized files now loaded: 0)
System memory in use before: 62.6 MB.
System memory in use after: 62.0 MB.

Unloading 18 unused Assets to reduce memory usage. Loaded Objects now: 1658.
Total: 2.254000 ms (FindLiveObjects: 0.170500 ms CreateObjectMapping: 0.031100 ms MarkObjects: 1.631100 ms  DeleteObjects: 0.420300 ms)

========================================================================
Received Prepare
Registering precompiled user dll's ...
Registered in 0.000989 seconds.
Begin MonoManager ReloadAssembly
Native extension for Lumin target not found
Native extension for LinuxStandalone target not found
Native extension for WindowsStandalone target not found
Native extension for OSXStandalone target not found
Native extension for WebGL target not found
Refreshing native plugins compatible for Editor in 0.27 ms, found 0 plugins.
Preloading 0 native plugins for Editor in 0.00 ms.
Mono: successfully reloaded assembly
- Completed reload, in  0.926 seconds
Platform modules already initialized, skipping
Refreshing native plugins compatible for Editor in 0.26 ms, found 0 plugins.
Preloading 0 native plugins for Editor in 0.00 ms.
Unloading 1130 Unused Serialized files (Serialized files now loaded: 0)
System memory in use before: 62.6 MB.
System memory in use after: 62.0 MB.

Unloading 18 unused Assets to reduce memory usage. Loaded Objects now: 1661.
Total: 2.434300 ms (FindLiveObjects: 0.176900 ms CreateObjectMapping: 0.031100 ms MarkObjects: 1.777700 ms  DeleteObjects: 0.447800 ms)

========================================================================
Received Prepare
Registering precompiled user dll's ...
Registered in 0.000978 seconds.
Begin MonoManager ReloadAssembly
Native extension for Lumin target not found
Native extension for LinuxStandalone target not found
Native extension for WindowsStandalone target not found
Native extension for OSXStandalone target not found
Native extension for WebGL target not found
Refreshing native plugins compatible for Editor in 0.27 ms, found 0 plugins.
Preloading 0 native plugins for Editor in 0.00 ms.
Mono: successfully reloaded assembly
- Completed reload, in  0.914 seconds
Platform modules already initialized, skipping
Refreshing native plugins compatible for Editor in 0.26 ms, found 0 plugins.
Preloading 0 native plugins for Editor in 0.00 ms.
Unloading 1130 Unused Serialized files (Serialized files now loaded: 0)
System memory in use before: 62.6 MB.
System memory in use after: 62.0 MB.

Unloading 18 unused Assets to reduce memory usage. Loaded Objects now: 1664.
Total: 2.270400 ms (FindLiveObjects: 0.172600 ms CreateObjectMapping: 0.031400 ms MarkObjects: 1.648300 ms  DeleteObjects: 0.417000 ms)

========================================================================
Received Prepare
Registering precompiled user dll's ...
Registered in 0.001030 seconds.
Begin MonoManager ReloadAssembly
Native extension for Lumin target not found
Native extension for LinuxStandalone target not found
Native extension for WindowsStandalone target not found
Native extension for OSXStandalone target not found
Native extension for WebGL target not found
Refreshing native plugins compatible for Editor in 0.27 ms, found 0 plugins.
Preloading 0 native plugins for Editor in 0.00 ms.
Mono: successfully reloaded assembly
- Completed reload, in  0.910 seconds
Platform modules already initialized, skipping
Refreshing native plugins compatible for Editor in 0.26 ms, found 0 plugins.
Preloading 0 native plugins for Editor in 0.00 ms.
Unloading 1130 Unused Serialized files (Serialized files now loaded: 0)
System memory in use before: 62.6 MB.
System memory in use after: 62.0 MB.

Unloading 18 unused Assets to reduce memory usage. Loaded Objects now: 1667.
Total: 2.314300 ms (FindLiveObjects: 0.185700 ms CreateObjectMapping: 0.031300 ms MarkObjects: 1.667500 ms  DeleteObjects: 0.428100 ms)

========================================================================
Received Prepare
Registering precompiled user dll's ...
Registered in 0.001028 seconds.
Begin MonoManager ReloadAssembly
Native extension for Lumin target not found
Native extension for LinuxStandalone target not found
Native extension for WindowsStandalone target not found
Native extension for OSXStandalone target not found
Native extension for WebGL target not found
Refreshing native plugins compatible for Editor in 0.27 ms, found 0 plugins.
Preloading 0 native plugins for Editor in 0.00 ms.
Mono: successfully reloaded assembly
- Completed reload, in  0.918 seconds
Platform modules already initialized, skipping
Refreshing native plugins compatible for Editor in 0.26 ms, found 0 plugins.
Preloading 0 native plugins for Editor in 0.00 ms.
Unloading 1130 Unused Serialized files (Serialized files now loaded: 0)
System memory in use before: 62.6 MB.
System memory in use after: 62.0 MB.

Unloading 18 unused Assets to reduce memory usage. Loaded Objects now: 1670.
Total: 2.456600 ms (FindLiveObjects: 0.187400 ms CreateObjectMapping: 0.031300 ms MarkObjects: 1.804400 ms  DeleteObjects: 0.431000 ms)

========================================================================
Received Import Request.
  Time since last request: 825.474972 seconds.
  path: Assets/Prefabs/RootView.prefab
  artifactKey: Guid(be8fe455f0eab04419ca648440954362) Importer(815301076,1909f56bfc062723c751e8b465ee728b)
Start importing Assets/Prefabs/RootView.prefab using Guid(be8fe455f0eab04419ca648440954362) Importer(815301076,1909f56bfc062723c751e8b465ee728b)  -> (artifact id: 'eeec54fde5c26eaff969574e59d4385d') in 0.114659 seconds
  Import took 0.121414 seconds .

========================================================================
Received Import Request.
  Time since last request: 8.562531 seconds.
  path: Assets/Prefabs/Rewards.prefab
  artifactKey: Guid(ffa799aa1166b954097ba66c59218c75) Importer(815301076,1909f56bfc062723c751e8b465ee728b)
Start importing Assets/Prefabs/Rewards.prefab using Guid(ffa799aa1166b954097ba66c59218c75) Importer(815301076,1909f56bfc062723c751e8b465ee728b)  -> (artifact id: '31ad7e8ce5521a2427cbd1484cfec0f3') in 0.043500 seconds
  Import took 0.050644 seconds .

========================================================================
Received Prepare
Registering precompiled user dll's ...
Registered in 0.001006 seconds.
Begin MonoManager ReloadAssembly
Native extension for Lumin target not found
Native extension for LinuxStandalone target not found
Native extension for WindowsStandalone target not found
Native extension for OSXStandalone target not found
Native extension for WebGL target not found
Refreshing native plugins compatible for Editor in 0.26 ms, found 0 plugins.
Preloading 0 native plugins for Editor in 0.00 ms.
Mono: successfully reloaded assembly
- Completed reload, in  0.905 seconds
Platform modules already initialized, skipping
Refreshing native plugins compatible for Editor in 0.25 ms, found 0 plugins.
Preloading 0 native plugins for Editor in 0.00 ms.
Unloading 1130 Unused Serialized files (Serialized files now loaded: 0)
System memory in use before: 62.6 MB.
System memory in use after: 62.1 MB.

Unloading 19 unused Assets to reduce memory usage. Loaded Objects now: 1673.
Total: 2.333900 ms (FindLiveObjects: 0.167400 ms CreateObjectMapping: 0.031600 ms MarkObjects: 1.703500 ms  DeleteObjects: 0.430400 ms)

========================================================================
Received Prepare
Registering precompiled user dll's ...
Registered in 0.001043 seconds.
Begin MonoManager ReloadAssembly
Native extension for Lumin target not found
Native extension for LinuxStandalone target not found
Native extension for WindowsStandalone target not found
Native extension for OSXStandalone target not found
Native extension for WebGL target not found
Refreshing native plugins compatible for Editor in 0.28 ms, found 0 plugins.
Preloading 0 native plugins for Editor in 0.00 ms.
Mono: successfully reloaded assembly
- Completed reload, in  0.924 seconds
Platform modules already initialized, skipping
Refreshing native plugins compatible for Editor in 0.26 ms, found 0 plugins.
Preloading 0 native plugins for Editor in 0.00 ms.
Unloading 1130 Unused Serialized files (Serialized files now loaded: 0)
System memory in use before: 62.6 MB.
System memory in use after: 62.1 MB.

Unloading 18 unused Assets to reduce memory usage. Loaded Objects now: 1676.
Total: 2.473100 ms (FindLiveObjects: 0.182800 ms CreateObjectMapping: 0.031200 ms MarkObjects: 1.811600 ms  DeleteObjects: 0.446500 ms)

========================================================================
Received Prepare
Registering precompiled user dll's ...
Registered in 0.000922 seconds.
Begin MonoManager ReloadAssembly
Native extension for Lumin target not found
Native extension for LinuxStandalone target not found
Native extension for WindowsStandalone target not found
Native extension for OSXStandalone target not found
Native extension for WebGL target not found
Refreshing native plugins compatible for Editor in 0.27 ms, found 0 plugins.
Preloading 0 native plugins for Editor in 0.00 ms.
Mono: successfully reloaded assembly
- Completed reload, in  0.914 seconds
Platform modules already initialized, skipping
Refreshing native plugins compatible for Editor in 0.26 ms, found 0 plugins.
Preloading 0 native plugins for Editor in 0.00 ms.
Unloading 1130 Unused Serialized files (Serialized files now loaded: 0)
System memory in use before: 62.6 MB.
System memory in use after: 62.1 MB.

Unloading 18 unused Assets to reduce memory usage. Loaded Objects now: 1679.
Total: 2.306200 ms (FindLiveObjects: 0.177100 ms CreateObjectMapping: 0.032000 ms MarkObjects: 1.679000 ms  DeleteObjects: 0.416800 ms)

========================================================================
Received Prepare
Registering precompiled user dll's ...
Registered in 0.000933 seconds.
Begin MonoManager ReloadAssembly
Native extension for Lumin target not found
Native extension for LinuxStandalone target not found
Native extension for WindowsStandalone target not found
Native extension for OSXStandalone target not found
Native extension for WebGL target not found
Refreshing native plugins compatible for Editor in 0.27 ms, found 0 plugins.
Preloading 0 native plugins for Editor in 0.00 ms.
Mono: successfully reloaded assembly
- Completed reload, in  0.910 seconds
Platform modules already initialized, skipping
Refreshing native plugins compatible for Editor in 0.26 ms, found 0 plugins.
Preloading 0 native plugins for Editor in 0.00 ms.
Unloading 1130 Unused Serialized files (Serialized files now loaded: 0)
System memory in use before: 62.6 MB.
System memory in use after: 62.1 MB.

Unloading 18 unused Assets to reduce memory usage. Loaded Objects now: 1682.
Total: 2.290200 ms (FindLiveObjects: 0.170400 ms CreateObjectMapping: 0.034100 ms MarkObjects: 1.672100 ms  DeleteObjects: 0.412200 ms)

========================================================================
Received Prepare
Registering precompiled user dll's ...
Registered in 0.000952 seconds.
Begin MonoManager ReloadAssembly
Native extension for Lumin target not found
Native extension for LinuxStandalone target not found
Native extension for WindowsStandalone target not found
Native extension for OSXStandalone target not found
Native extension for WebGL target not found
Refreshing native plugins compatible for Editor in 0.27 ms, found 0 plugins.
Preloading 0 native plugins for Editor in 0.00 ms.
Mono: successfully reloaded assembly
- Completed reload, in  0.925 seconds
Platform modules already initialized, skipping
Refreshing native plugins compatible for Editor in 0.27 ms, found 0 plugins.
Preloading 0 native plugins for Editor in 0.00 ms.
Unloading 1130 Unused Serialized files (Serialized files now loaded: 0)
System memory in use before: 62.7 MB.
System memory in use after: 62.1 MB.

Unloading 18 unused Assets to reduce memory usage. Loaded Objects now: 1685.
Total: 2.370200 ms (FindLiveObjects: 0.173700 ms CreateObjectMapping: 0.034500 ms MarkObjects: 1.739300 ms  DeleteObjects: 0.421200 ms)

========================================================================
Received Import Request.
  Time since last request: 134.154740 seconds.
  path: Assets/Prefabs/Rewards Variant.prefab
  artifactKey: Guid(d7a91a85fc74a344c9bcf217c5ccd914) Importer(815301076,1909f56bfc062723c751e8b465ee728b)
Start importing Assets/Prefabs/Rewards Variant.prefab using Guid(d7a91a85fc74a344c9bcf217c5ccd914) Importer(815301076,1909f56bfc062723c751e8b465ee728b)  -> (artifact id: 'c66c2222ee6de10da5d86cb6cf0a7291') in 0.114226 seconds
  Import took 0.120814 seconds .

========================================================================
Received Import Request.
  Time since last request: 7.942123 seconds.
  path: Assets/Prefabs/Rewards Variant.prefab
  artifactKey: Guid(d7a91a85fc74a344c9bcf217c5ccd914) Importer(815301076,1909f56bfc062723c751e8b465ee728b)
Start importing Assets/Prefabs/Rewards Variant.prefab using Guid(d7a91a85fc74a344c9bcf217c5ccd914) Importer(815301076,1909f56bfc062723c751e8b465ee728b)  -> (artifact id: 'a3f1de726d8567124f31fcda29707d56') in 0.034151 seconds
  Import took 0.040365 seconds .

========================================================================
Received Import Request.
  Time since last request: 0.000672 seconds.
  path: Assets/Prefabs/Rewards.prefab
  artifactKey: Guid(ffa799aa1166b954097ba66c59218c75) Importer(815301076,1909f56bfc062723c751e8b465ee728b)
Start importing Assets/Prefabs/Rewards.prefab using Guid(ffa799aa1166b954097ba66c59218c75) Importer(815301076,1909f56bfc062723c751e8b465ee728b)  -> (artifact id: '774125c18b88203b8aa17f56d44a3d71') in 0.033035 seconds
  Import took 0.039456 seconds .

========================================================================
Received Prepare
Registering precompiled user dll's ...
Registered in 0.000971 seconds.
Begin MonoManager ReloadAssembly
Native extension for Lumin target not found
Native extension for LinuxStandalone target not found
Native extension for WindowsStandalone target not found
Native extension for OSXStandalone target not found
Native extension for WebGL target not found
Refreshing native plugins compatible for Editor in 0.27 ms, found 0 plugins.
Preloading 0 native plugins for Editor in 0.00 ms.
Mono: successfully reloaded assembly
- Completed reload, in  0.910 seconds
Platform modules already initialized, skipping
Refreshing native plugins compatible for Editor in 0.26 ms, found 0 plugins.
Preloading 0 native plugins for Editor in 0.00 ms.
Unloading 1130 Unused Serialized files (Serialized files now loaded: 0)
System memory in use before: 62.7 MB.
System memory in use after: 62.1 MB.

Unloading 19 unused Assets to reduce memory usage. Loaded Objects now: 1688.
Total: 2.312200 ms (FindLiveObjects: 0.175200 ms CreateObjectMapping: 0.031000 ms MarkObjects: 1.681500 ms  DeleteObjects: 0.423100 ms)

========================================================================
Received Prepare
Registering precompiled user dll's ...
Registered in 0.000902 seconds.
Begin MonoManager ReloadAssembly
Native extension for Lumin target not found
Native extension for LinuxStandalone target not found
Native extension for WindowsStandalone target not found
Native extension for OSXStandalone target not found
Native extension for WebGL target not found
Refreshing native plugins compatible for Editor in 0.27 ms, found 0 plugins.
Preloading 0 native plugins for Editor in 0.00 ms.
Mono: successfully reloaded assembly
- Completed reload, in  0.934 seconds
Platform modules already initialized, skipping
Refreshing native plugins compatible for Editor in 0.26 ms, found 0 plugins.
Preloading 0 native plugins for Editor in 0.00 ms.
Unloading 1130 Unused Serialized files (Serialized files now loaded: 0)
System memory in use before: 62.7 MB.
System memory in use after: 62.1 MB.

Unloading 18 unused Assets to reduce memory usage. Loaded Objects now: 1691.
Total: 2.353100 ms (FindLiveObjects: 0.178800 ms CreateObjectMapping: 0.032300 ms MarkObjects: 1.714300 ms  DeleteObjects: 0.426300 ms)

========================================================================
Received Import Request.
  Time since last request: 806.870333 seconds.
  path: Assets/Prefabs/Rewards Variant.prefab
  artifactKey: Guid(d7a91a85fc74a344c9bcf217c5ccd914) Importer(815301076,1909f56bfc062723c751e8b465ee728b)
Start importing Assets/Prefabs/Rewards Variant.prefab using Guid(d7a91a85fc74a344c9bcf217c5ccd914) Importer(815301076,1909f56bfc062723c751e8b465ee728b)  -> (artifact id: 'd05185c245b21b55387bb5c1b6acb0a7') in 0.103625 seconds
  Import took 0.109720 seconds .

========================================================================
Received Import Request.
  Time since last request: 0.000659 seconds.
  path: Assets/Prefabs/Rewards.prefab
  artifactKey: Guid(ffa799aa1166b954097ba66c59218c75) Importer(815301076,1909f56bfc062723c751e8b465ee728b)
Start importing Assets/Prefabs/Rewards.prefab using Guid(ffa799aa1166b954097ba66c59218c75) Importer(815301076,1909f56bfc062723c751e8b465ee728b)  -> (artifact id: '5a9064a51cada9ed8afc3c049b9c82ce') in 0.031918 seconds
  Import took 0.037977 seconds .

========================================================================
Received Import Request.
  Time since last request: 0.000688 seconds.
  path: Assets/Prefabs/Rewards 1.prefab
  artifactKey: Guid(45c7042bbced6a34583f1b46c5e70593) Importer(815301076,1909f56bfc062723c751e8b465ee728b)
Start importing Assets/Prefabs/Rewards 1.prefab using Guid(45c7042bbced6a34583f1b46c5e70593) Importer(815301076,1909f56bfc062723c751e8b465ee728b)  -> (artifact id: '2cb9d05abf1f8e3c38f1e7c49f87dc10') in 0.038254 seconds
  Import took 0.045113 seconds .

========================================================================
Received Prepare
Registering precompiled user dll's ...
Registered in 0.001018 seconds.
Begin MonoManager ReloadAssembly
Native extension for Lumin target not found
Native extension for LinuxStandalone target not found
Native extension for WindowsStandalone target not found
Native extension for OSXStandalone target not found
Native extension for WebGL target not found
Refreshing native plugins compatible for Editor in 0.27 ms, found 0 plugins.
Preloading 0 native plugins for Editor in 0.00 ms.
Mono: successfully reloaded assembly
- Completed reload, in  0.931 seconds
Platform modules already initialized, skipping
Refreshing native plugins compatible for Editor in 0.26 ms, found 0 plugins.
Preloading 0 native plugins for Editor in 0.00 ms.
Unloading 1130 Unused Serialized files (Serialized files now loaded: 0)
System memory in use before: 62.7 MB.
System memory in use after: 62.1 MB.

Unloading 19 unused Assets to reduce memory usage. Loaded Objects now: 1694.
Total: 2.320700 ms (FindLiveObjects: 0.177500 ms CreateObjectMapping: 0.032100 ms MarkObjects: 1.687300 ms  DeleteObjects: 0.422700 ms)

========================================================================
Received Prepare
Registering precompiled user dll's ...
Registered in 0.001058 seconds.
Begin MonoManager ReloadAssembly
Native extension for Lumin target not found
Native extension for LinuxStandalone target not found
Native extension for WindowsStandalone target not found
Native extension for OSXStandalone target not found
Native extension for WebGL target not found
Refreshing native plugins compatible for Editor in 0.27 ms, found 0 plugins.
Preloading 0 native plugins for Editor in 0.00 ms.
Mono: successfully reloaded assembly
- Completed reload, in  0.902 seconds
Platform modules already initialized, skipping
Refreshing native plugins compatible for Editor in 0.27 ms, found 0 plugins.
Preloading 0 native plugins for Editor in 0.00 ms.
Unloading 1130 Unused Serialized files (Serialized files now loaded: 0)
System memory in use before: 62.7 MB.
System memory in use after: 62.1 MB.

Unloading 18 unused Assets to reduce memory usage. Loaded Objects now: 1697.
Total: 2.388500 ms (FindLiveObjects: 0.195200 ms CreateObjectMapping: 0.031900 ms MarkObjects: 1.731900 ms  DeleteObjects: 0.428200 ms)

========================================================================
Received Prepare
Registering precompiled user dll's ...
Registered in 0.001085 seconds.
Begin MonoManager ReloadAssembly
Native extension for Lumin target not found
Native extension for LinuxStandalone target not found
Native extension for WindowsStandalone target not found
Native extension for OSXStandalone target not found
Native extension for WebGL target not found
Refreshing native plugins compatible for Editor in 0.27 ms, found 0 plugins.
Preloading 0 native plugins for Editor in 0.00 ms.
Mono: successfully reloaded assembly
- Completed reload, in  0.921 seconds
Platform modules already initialized, skipping
Refreshing native plugins compatible for Editor in 0.26 ms, found 0 plugins.
Preloading 0 native plugins for Editor in 0.00 ms.
Unloading 1130 Unused Serialized files (Serialized files now loaded: 0)
System memory in use before: 62.7 MB.
System memory in use after: 62.1 MB.

Unloading 18 unused Assets to reduce memory usage. Loaded Objects now: 1700.
Total: 2.307700 ms (FindLiveObjects: 0.162600 ms CreateObjectMapping: 0.032400 ms MarkObjects: 1.696000 ms  DeleteObjects: 0.415600 ms)

========================================================================
Received Prepare
Registering precompiled user dll's ...
Registered in 0.000928 seconds.
Begin MonoManager ReloadAssembly
Native extension for Lumin target not found
Native extension for LinuxStandalone target not found
Native extension for WindowsStandalone target not found
Native extension for OSXStandalone target not found
Native extension for WebGL target not found
Refreshing native plugins compatible for Editor in 0.27 ms, found 0 plugins.
Preloading 0 native plugins for Editor in 0.00 ms.
Mono: successfully reloaded assembly
- Completed reload, in  0.922 seconds
Platform modules already initialized, skipping
Refreshing native plugins compatible for Editor in 0.26 ms, found 0 plugins.
Preloading 0 native plugins for Editor in 0.00 ms.
Unloading 1130 Unused Serialized files (Serialized files now loaded: 0)
System memory in use before: 62.7 MB.
System memory in use after: 62.1 MB.

Unloading 18 unused Assets to reduce memory usage. Loaded Objects now: 1703.
Total: 2.419700 ms (FindLiveObjects: 0.196800 ms CreateObjectMapping: 0.031900 ms MarkObjects: 1.758400 ms  DeleteObjects: 0.431400 ms)

========================================================================
Received Import Request.
  Time since last request: 561.629640 seconds.
  path: Assets/Prefabs/Conteiner Reward.prefab
  artifactKey: Guid(0e42cf55d5f9c044eae4cb4662126195) Importer(815301076,1909f56bfc062723c751e8b465ee728b)
Start importing Assets/Prefabs/Conteiner Reward.prefab using Guid(0e42cf55d5f9c044eae4cb4662126195) Importer(815301076,1909f56bfc062723c751e8b465ee728b)  -> (artifact id: '8941c2867c04242f2b8335951d7c95ee') in 0.092114 seconds
  Import took 0.097974 seconds .

========================================================================
Received Import Request.
  Time since last request: 0.000773 seconds.
  path: Assets/Prefabs/Rewards 1.prefab
  artifactKey: Guid(45c7042bbced6a34583f1b46c5e70593) Importer(815301076,1909f56bfc062723c751e8b465ee728b)
Start importing Assets/Prefabs/Rewards 1.prefab using Guid(45c7042bbced6a34583f1b46c5e70593) Importer(815301076,1909f56bfc062723c751e8b465ee728b)  -> (artifact id: '0f8df9ddee7fa69f671cfaf86fff14f2') in 0.047210 seconds
  Import took 0.053717 seconds .

========================================================================
Received Import Request.
  Time since last request: 2.030822 seconds.
  path: Assets/Prefabs/Conteiner Reward.prefab
  artifactKey: Guid(0e42cf55d5f9c044eae4cb4662126195) Importer(815301076,1909f56bfc062723c751e8b465ee728b)
Start importing Assets/Prefabs/Conteiner Reward.prefab using Guid(0e42cf55d5f9c044eae4cb4662126195) Importer(815301076,1909f56bfc062723c751e8b465ee728b)  -> (artifact id: '8941c2867c04242f2b8335951d7c95ee') in 0.031112 seconds
  Import took 0.036786 seconds .

========================================================================
Received Prepare
Registering precompiled user dll's ...
Registered in 0.000957 seconds.
Begin MonoManager ReloadAssembly
Native extension for Lumin target not found
Native extension for LinuxStandalone target not found
Native extension for WindowsStandalone target not found
Native extension for OSXStandalone target not found
Native extension for WebGL target not found
Refreshing native plugins compatible for Editor in 0.27 ms, found 0 plugins.
Preloading 0 native plugins for Editor in 0.00 ms.
Mono: successfully reloaded assembly
- Completed reload, in  0.911 seconds
Platform modules already initialized, skipping
Refreshing native plugins compatible for Editor in 0.26 ms, found 0 plugins.
Preloading 0 native plugins for Editor in 0.00 ms.
Unloading 1130 Unused Serialized files (Serialized files now loaded: 0)
System memory in use before: 62.7 MB.
System memory in use after: 62.1 MB.

Unloading 19 unused Assets to reduce memory usage. Loaded Objects now: 1706.
Total: 2.321500 ms (FindLiveObjects: 0.174000 ms CreateObjectMapping: 0.031700 ms MarkObjects: 1.700000 ms  DeleteObjects: 0.414600 ms)

AssetImportWorkerClient::OnTransportError - code=2 error=End of file
